{"/media/slon/ssd2tb-main-pc/projects/dsa-course/helpers/jestHelper.js": {"path":"/media/slon/ssd2tb-main-pc/projects/dsa-course/helpers/jestHelper.js","statementMap":{"0":{"start":{"line":3,"column":6},"end":{"line":5,"column":9}},"1":{"start":{"line":4,"column":9},"end":{"line":4,"column":61}},"2":{"start":{"line":9,"column":6},"end":{"line":11,"column":9}},"3":{"start":{"line":10,"column":9},"end":{"line":10,"column":60}},"4":{"start":{"line":15,"column":6},"end":{"line":15,"column":73}},"5":{"start":{"line":19,"column":6},"end":{"line":19,"column":73}},"6":{"start":{"line":23,"column":6},"end":{"line":23,"column":66}},"7":{"start":{"line":27,"column":6},"end":{"line":27,"column":66}},"8":{"start":{"line":31,"column":6},"end":{"line":33,"column":9}},"9":{"start":{"line":32,"column":9},"end":{"line":32,"column":43}},"10":{"start":{"line":37,"column":22},"end":{"line":37,"column":39}},"11":{"start":{"line":38,"column":22},"end":{"line":38,"column":39}},"12":{"start":{"line":39,"column":22},"end":{"line":39,"column":39}},"13":{"start":{"line":40,"column":22},"end":{"line":40,"column":39}},"14":{"start":{"line":41,"column":22},"end":{"line":41,"column":39}},"15":{"start":{"line":43,"column":6},"end":{"line":43,"column":43}},"16":{"start":{"line":44,"column":6},"end":{"line":44,"column":50}},"17":{"start":{"line":45,"column":6},"end":{"line":45,"column":50}},"18":{"start":{"line":46,"column":6},"end":{"line":46,"column":53}},"19":{"start":{"line":47,"column":6},"end":{"line":47,"column":53}},"20":{"start":{"line":51,"column":0},"end":{"line":51,"column":28}}},"fnMap":{"0":{"name":"(anonymous_0)","decl":{"start":{"line":2,"column":3},"end":{"line":2,"column":4}},"loc":{"start":{"line":2,"column":73},"end":{"line":6,"column":4}},"line":2},"1":{"name":"(anonymous_1)","decl":{"start":{"line":3,"column":186},"end":{"line":3,"column":187}},"loc":{"start":{"line":3,"column":192},"end":{"line":5,"column":7}},"line":3},"2":{"name":"(anonymous_2)","decl":{"start":{"line":8,"column":3},"end":{"line":8,"column":4}},"loc":{"start":{"line":8,"column":67},"end":{"line":12,"column":4}},"line":8},"3":{"name":"(anonymous_3)","decl":{"start":{"line":9,"column":188},"end":{"line":9,"column":189}},"loc":{"start":{"line":9,"column":194},"end":{"line":11,"column":7}},"line":9},"4":{"name":"(anonymous_4)","decl":{"start":{"line":14,"column":3},"end":{"line":14,"column":4}},"loc":{"start":{"line":14,"column":45},"end":{"line":16,"column":4}},"line":14},"5":{"name":"(anonymous_5)","decl":{"start":{"line":18,"column":3},"end":{"line":18,"column":4}},"loc":{"start":{"line":18,"column":45},"end":{"line":20,"column":4}},"line":18},"6":{"name":"(anonymous_6)","decl":{"start":{"line":22,"column":3},"end":{"line":22,"column":4}},"loc":{"start":{"line":22,"column":41},"end":{"line":24,"column":4}},"line":22},"7":{"name":"(anonymous_7)","decl":{"start":{"line":26,"column":3},"end":{"line":26,"column":4}},"loc":{"start":{"line":26,"column":41},"end":{"line":28,"column":4}},"line":26},"8":{"name":"(anonymous_8)","decl":{"start":{"line":30,"column":3},"end":{"line":30,"column":4}},"loc":{"start":{"line":30,"column":42},"end":{"line":34,"column":4}},"line":30},"9":{"name":"(anonymous_9)","decl":{"start":{"line":31,"column":116},"end":{"line":31,"column":117}},"loc":{"start":{"line":31,"column":122},"end":{"line":33,"column":7}},"line":31},"10":{"name":"(anonymous_10)","decl":{"start":{"line":36,"column":3},"end":{"line":36,"column":4}},"loc":{"start":{"line":36,"column":55},"end":{"line":48,"column":4}},"line":36}},"branchMap":{},"s":{"0":2,"1":2,"2":2,"3":2,"4":1,"5":1,"6":1,"7":1,"8":1,"9":1,"10":1,"11":1,"12":1,"13":1,"14":1,"15":1,"16":1,"17":1,"18":1,"19":1,"20":1},"f":{"0":2,"1":2,"2":2,"3":2,"4":1,"5":1,"6":1,"7":1,"8":1,"9":1,"10":1},"b":{},"_coverageSchema":"1a1c01bbd47fc00a2c39e90264f33305004495a9","hash":"d84a14564d8334e301bb44cba9fc7da6db722707"}
,"/media/slon/ssd2tb-main-pc/projects/dsa-course/helpers/mainHelper.js": {"path":"/media/slon/ssd2tb-main-pc/projects/dsa-course/helpers/mainHelper.js","statementMap":{"0":{"start":{"line":2,"column":22},"end":{"line":2,"column":93}},"1":{"start":{"line":2,"column":44},"end":{"line":2,"column":93}},"2":{"start":{"line":5,"column":0},"end":{"line":5,"column":28}}},"fnMap":{"0":{"name":"(anonymous_0)","decl":{"start":{"line":2,"column":22},"end":{"line":2,"column":23}},"loc":{"start":{"line":2,"column":44},"end":{"line":2,"column":93}},"line":2}},"branchMap":{"0":{"loc":{"start":{"line":2,"column":23},"end":{"line":2,"column":30}},"type":"default-arg","locations":[{"start":{"line":2,"column":29},"end":{"line":2,"column":30}}],"line":2},"1":{"loc":{"start":{"line":2,"column":32},"end":{"line":2,"column":39}},"type":"default-arg","locations":[{"start":{"line":2,"column":38},"end":{"line":2,"column":39}}],"line":2}},"s":{"0":1,"1":2,"2":1},"f":{"0":2},"b":{"0":[0],"1":[0]},"_coverageSchema":"1a1c01bbd47fc00a2c39e90264f33305004495a9","hash":"d70a54805693d38563ab9c2655f848315d9df1fc"}
,"/media/slon/ssd2tb-main-pc/projects/dsa-course/inDevelopment/03-linkedList.js": {"path":"/media/slon/ssd2tb-main-pc/projects/dsa-course/inDevelopment/03-linkedList.js","statementMap":{"0":{"start":{"line":3,"column":6},"end":{"line":3,"column":25}},"1":{"start":{"line":4,"column":6},"end":{"line":4,"column":23}},"2":{"start":{"line":10,"column":24},"end":{"line":10,"column":39}},"3":{"start":{"line":11,"column":6},"end":{"line":11,"column":28}},"4":{"start":{"line":12,"column":6},"end":{"line":12,"column":28}},"5":{"start":{"line":13,"column":6},"end":{"line":13,"column":22}},"6":{"start":{"line":14,"column":6},"end":{"line":14,"column":18}},"7":{"start":{"line":20,"column":6},"end":{"line":20,"column":73}},"8":{"start":{"line":24,"column":6},"end":{"line":24,"column":74}},"9":{"start":{"line":28,"column":6},"end":{"line":28,"column":23}},"10":{"start":{"line":29,"column":6},"end":{"line":29,"column":23}},"11":{"start":{"line":30,"column":6},"end":{"line":30,"column":22}},"12":{"start":{"line":31,"column":6},"end":{"line":31,"column":18}},"13":{"start":{"line":35,"column":6},"end":{"line":35,"column":35}},"14":{"start":{"line":39,"column":22},"end":{"line":39,"column":37}},"15":{"start":{"line":40,"column":6},"end":{"line":40,"column":26}},"16":{"start":{"line":41,"column":6},"end":{"line":41,"column":26}},"17":{"start":{"line":42,"column":6},"end":{"line":42,"column":22}},"18":{"start":{"line":43,"column":6},"end":{"line":43,"column":18}},"19":{"start":{"line":49,"column":6},"end":{"line":49,"column":68}},"20":{"start":{"line":49,"column":36},"end":{"line":49,"column":68}},"21":{"start":{"line":50,"column":22},"end":{"line":50,"column":37}},"22":{"start":{"line":51,"column":6},"end":{"line":51,"column":31}},"23":{"start":{"line":52,"column":6},"end":{"line":52,"column":26}},"24":{"start":{"line":53,"column":6},"end":{"line":53,"column":20}},"25":{"start":{"line":54,"column":6},"end":{"line":54,"column":18}},"26":{"start":{"line":58,"column":6},"end":{"line":59,"column":63}},"27":{"start":{"line":59,"column":9},"end":{"line":59,"column":63}},"28":{"start":{"line":60,"column":19},"end":{"line":60,"column":28}},"29":{"start":{"line":61,"column":6},"end":{"line":61,"column":23}},"30":{"start":{"line":62,"column":6},"end":{"line":62,"column":33}},"31":{"start":{"line":63,"column":6},"end":{"line":63,"column":20}},"32":{"start":{"line":64,"column":6},"end":{"line":64,"column":18}},"33":{"start":{"line":68,"column":6},"end":{"line":68,"column":68}},"34":{"start":{"line":68,"column":36},"end":{"line":68,"column":68}},"35":{"start":{"line":69,"column":22},"end":{"line":69,"column":37}},"36":{"start":{"line":70,"column":6},"end":{"line":70,"column":31}},"37":{"start":{"line":71,"column":6},"end":{"line":71,"column":26}},"38":{"start":{"line":72,"column":6},"end":{"line":72,"column":20}},"39":{"start":{"line":73,"column":6},"end":{"line":73,"column":18}},"40":{"start":{"line":77,"column":6},"end":{"line":78,"column":63}},"41":{"start":{"line":78,"column":9},"end":{"line":78,"column":63}},"42":{"start":{"line":79,"column":17},"end":{"line":79,"column":26}},"43":{"start":{"line":80,"column":20},"end":{"line":80,"column":24}},"44":{"start":{"line":81,"column":6},"end":{"line":84,"column":7}},"45":{"start":{"line":82,"column":9},"end":{"line":82,"column":24}},"46":{"start":{"line":83,"column":9},"end":{"line":83,"column":32}},"47":{"start":{"line":85,"column":6},"end":{"line":85,"column":23}},"48":{"start":{"line":86,"column":6},"end":{"line":86,"column":28}},"49":{"start":{"line":87,"column":6},"end":{"line":87,"column":20}},"50":{"start":{"line":88,"column":6},"end":{"line":88,"column":18}},"51":{"start":{"line":94,"column":6},"end":{"line":94,"column":40}},"52":{"start":{"line":94,"column":23},"end":{"line":94,"column":40}},"53":{"start":{"line":95,"column":6},"end":{"line":95,"column":54}},"54":{"start":{"line":95,"column":37},"end":{"line":95,"column":54}},"55":{"start":{"line":96,"column":6},"end":{"line":96,"column":62}},"56":{"start":{"line":96,"column":45},"end":{"line":96,"column":62}},"57":{"start":{"line":97,"column":20},"end":{"line":97,"column":21}},"58":{"start":{"line":98,"column":17},"end":{"line":98,"column":26}},"59":{"start":{"line":99,"column":6},"end":{"line":102,"column":7}},"60":{"start":{"line":100,"column":9},"end":{"line":100,"column":26}},"61":{"start":{"line":101,"column":9},"end":{"line":101,"column":19}},"62":{"start":{"line":103,"column":6},"end":{"line":103,"column":18}},"63":{"start":{"line":107,"column":21},"end":{"line":107,"column":56}},"64":{"start":{"line":108,"column":6},"end":{"line":108,"column":25}},"65":{"start":{"line":109,"column":6},"end":{"line":109,"column":20}},"66":{"start":{"line":113,"column":6},"end":{"line":113,"column":46}},"67":{"start":{"line":117,"column":19},"end":{"line":117,"column":54}},"68":{"start":{"line":118,"column":6},"end":{"line":118,"column":25}},"69":{"start":{"line":119,"column":6},"end":{"line":119,"column":18}},"70":{"start":{"line":124,"column":21},"end":{"line":124,"column":23}},"71":{"start":{"line":125,"column":20},"end":{"line":125,"column":29}},"72":{"start":{"line":126,"column":6},"end":{"line":129,"column":7}},"73":{"start":{"line":127,"column":9},"end":{"line":127,"column":36}},"74":{"start":{"line":128,"column":9},"end":{"line":128,"column":32}},"75":{"start":{"line":130,"column":6},"end":{"line":130,"column":20}},"76":{"start":{"line":134,"column":6},"end":{"line":136,"column":7}},"77":{"start":{"line":134,"column":19},"end":{"line":134,"column":35}},"78":{"start":{"line":135,"column":9},"end":{"line":135,"column":38}},"79":{"start":{"line":137,"column":6},"end":{"line":137,"column":18}},"80":{"start":{"line":141,"column":6},"end":{"line":141,"column":50}},"81":{"start":{"line":141,"column":26},"end":{"line":141,"column":48}},"82":{"start":{"line":142,"column":6},"end":{"line":142,"column":18}},"83":{"start":{"line":146,"column":0},"end":{"line":146,"column":38}}},"fnMap":{"0":{"name":"(anonymous_0)","decl":{"start":{"line":2,"column":3},"end":{"line":2,"column":4}},"loc":{"start":{"line":2,"column":22},"end":{"line":5,"column":4}},"line":2},"1":{"name":"(anonymous_1)","decl":{"start":{"line":9,"column":3},"end":{"line":9,"column":4}},"loc":{"start":{"line":9,"column":22},"end":{"line":15,"column":4}},"line":9},"2":{"name":"(anonymous_2)","decl":{"start":{"line":19,"column":3},"end":{"line":19,"column":4}},"loc":{"start":{"line":19,"column":23},"end":{"line":21,"column":4}},"line":19},"3":{"name":"(anonymous_3)","decl":{"start":{"line":23,"column":3},"end":{"line":23,"column":4}},"loc":{"start":{"line":23,"column":35},"end":{"line":25,"column":4}},"line":23},"4":{"name":"(anonymous_4)","decl":{"start":{"line":27,"column":3},"end":{"line":27,"column":4}},"loc":{"start":{"line":27,"column":20},"end":{"line":32,"column":4}},"line":27},"5":{"name":"(anonymous_5)","decl":{"start":{"line":34,"column":3},"end":{"line":34,"column":4}},"loc":{"start":{"line":34,"column":45},"end":{"line":36,"column":4}},"line":34},"6":{"name":"(anonymous_6)","decl":{"start":{"line":38,"column":3},"end":{"line":38,"column":4}},"loc":{"start":{"line":38,"column":23},"end":{"line":44,"column":4}},"line":38},"7":{"name":"(anonymous_7)","decl":{"start":{"line":48,"column":3},"end":{"line":48,"column":4}},"loc":{"start":{"line":48,"column":24},"end":{"line":55,"column":4}},"line":48},"8":{"name":"(anonymous_8)","decl":{"start":{"line":57,"column":3},"end":{"line":57,"column":4}},"loc":{"start":{"line":57,"column":24},"end":{"line":65,"column":4}},"line":57},"9":{"name":"(anonymous_9)","decl":{"start":{"line":67,"column":3},"end":{"line":67,"column":4}},"loc":{"start":{"line":67,"column":24},"end":{"line":74,"column":4}},"line":67},"10":{"name":"(anonymous_10)","decl":{"start":{"line":76,"column":3},"end":{"line":76,"column":4}},"loc":{"start":{"line":76,"column":24},"end":{"line":89,"column":4}},"line":76},"11":{"name":"(anonymous_11)","decl":{"start":{"line":93,"column":3},"end":{"line":93,"column":4}},"loc":{"start":{"line":93,"column":34},"end":{"line":104,"column":4}},"line":93},"12":{"name":"(anonymous_12)","decl":{"start":{"line":106,"column":3},"end":{"line":106,"column":4}},"loc":{"start":{"line":106,"column":25},"end":{"line":110,"column":4}},"line":106},"13":{"name":"(anonymous_13)","decl":{"start":{"line":112,"column":3},"end":{"line":112,"column":4}},"loc":{"start":{"line":112,"column":26},"end":{"line":114,"column":4}},"line":112},"14":{"name":"(anonymous_14)","decl":{"start":{"line":116,"column":3},"end":{"line":116,"column":4}},"loc":{"start":{"line":116,"column":33},"end":{"line":120,"column":4}},"line":116},"15":{"name":"(anonymous_15)","decl":{"start":{"line":123,"column":3},"end":{"line":123,"column":4}},"loc":{"start":{"line":123,"column":40},"end":{"line":131,"column":4}},"line":123},"16":{"name":"(anonymous_16)","decl":{"start":{"line":133,"column":3},"end":{"line":133,"column":4}},"loc":{"start":{"line":133,"column":34},"end":{"line":138,"column":4}},"line":133},"17":{"name":"(anonymous_17)","decl":{"start":{"line":140,"column":3},"end":{"line":140,"column":4}},"loc":{"start":{"line":140,"column":34},"end":{"line":143,"column":4}},"line":140},"18":{"name":"(anonymous_18)","decl":{"start":{"line":141,"column":20},"end":{"line":141,"column":21}},"loc":{"start":{"line":141,"column":26},"end":{"line":141,"column":48}},"line":141}},"branchMap":{"0":{"loc":{"start":{"line":20,"column":13},"end":{"line":20,"column":72}},"type":"cond-expr","locations":[{"start":{"line":20,"column":60},"end":{"line":20,"column":64}},{"start":{"line":20,"column":67},"end":{"line":20,"column":72}}],"line":20},"1":{"loc":{"start":{"line":20,"column":13},"end":{"line":20,"column":57}},"type":"binary-expr","locations":[{"start":{"line":20,"column":13},"end":{"line":20,"column":23}},{"start":{"line":20,"column":27},"end":{"line":20,"column":37}},{"start":{"line":20,"column":41},"end":{"line":20,"column":57}}],"line":20},"2":{"loc":{"start":{"line":24,"column":13},"end":{"line":24,"column":73}},"type":"cond-expr","locations":[{"start":{"line":24,"column":61},"end":{"line":24,"column":65}},{"start":{"line":24,"column":68},"end":{"line":24,"column":73}}],"line":24},"3":{"loc":{"start":{"line":24,"column":13},"end":{"line":24,"column":58}},"type":"binary-expr","locations":[{"start":{"line":24,"column":13},"end":{"line":24,"column":37}},{"start":{"line":24,"column":41},"end":{"line":24,"column":58}}],"line":24},"4":{"loc":{"start":{"line":49,"column":6},"end":{"line":49,"column":68}},"type":"if","locations":[{"start":{"line":49,"column":6},"end":{"line":49,"column":68}},{"start":{},"end":{}}],"line":49},"5":{"loc":{"start":{"line":58,"column":6},"end":{"line":59,"column":63}},"type":"if","locations":[{"start":{"line":58,"column":6},"end":{"line":59,"column":63}},{"start":{},"end":{}}],"line":58},"6":{"loc":{"start":{"line":68,"column":6},"end":{"line":68,"column":68}},"type":"if","locations":[{"start":{"line":68,"column":6},"end":{"line":68,"column":68}},{"start":{},"end":{}}],"line":68},"7":{"loc":{"start":{"line":77,"column":6},"end":{"line":78,"column":63}},"type":"if","locations":[{"start":{"line":77,"column":6},"end":{"line":78,"column":63}},{"start":{},"end":{}}],"line":77},"8":{"loc":{"start":{"line":94,"column":6},"end":{"line":94,"column":40}},"type":"if","locations":[{"start":{"line":94,"column":6},"end":{"line":94,"column":40}},{"start":{},"end":{}}],"line":94},"9":{"loc":{"start":{"line":95,"column":6},"end":{"line":95,"column":54}},"type":"if","locations":[{"start":{"line":95,"column":6},"end":{"line":95,"column":54}},{"start":{},"end":{}}],"line":95},"10":{"loc":{"start":{"line":96,"column":6},"end":{"line":96,"column":62}},"type":"if","locations":[{"start":{"line":96,"column":6},"end":{"line":96,"column":62}},{"start":{},"end":{}}],"line":96},"11":{"loc":{"start":{"line":96,"column":10},"end":{"line":96,"column":43}},"type":"binary-expr","locations":[{"start":{"line":96,"column":10},"end":{"line":96,"column":19}},{"start":{"line":96,"column":23},"end":{"line":96,"column":43}}],"line":96}},"s":{"0":2,"1":2,"2":1,"3":1,"4":1,"5":1,"6":1,"7":0,"8":0,"9":0,"10":0,"11":0,"12":0,"13":0,"14":0,"15":0,"16":0,"17":0,"18":0,"19":0,"20":0,"21":0,"22":0,"23":0,"24":0,"25":0,"26":0,"27":0,"28":0,"29":0,"30":0,"31":0,"32":0,"33":0,"34":0,"35":0,"36":0,"37":0,"38":0,"39":0,"40":0,"41":0,"42":0,"43":0,"44":0,"45":0,"46":0,"47":0,"48":0,"49":0,"50":0,"51":0,"52":0,"53":0,"54":0,"55":0,"56":0,"57":0,"58":0,"59":0,"60":0,"61":0,"62":0,"63":0,"64":0,"65":0,"66":0,"67":0,"68":0,"69":0,"70":0,"71":0,"72":0,"73":0,"74":0,"75":0,"76":0,"77":0,"78":0,"79":0,"80":0,"81":0,"82":0,"83":1},"f":{"0":2,"1":1,"2":0,"3":0,"4":0,"5":0,"6":0,"7":0,"8":0,"9":0,"10":0,"11":0,"12":0,"13":0,"14":0,"15":0,"16":0,"17":0,"18":0},"b":{"0":[0,0],"1":[0,0,0],"2":[0,0],"3":[0,0],"4":[0,0],"5":[0,0],"6":[0,0],"7":[0,0],"8":[0,0],"9":[0,0],"10":[0,0],"11":[0,0]},"_coverageSchema":"1a1c01bbd47fc00a2c39e90264f33305004495a9","hash":"0b8746ba0d880ccff77b663c5d26c1ca44246517"}
}
